src/pages/admin/AdminNotifPage.tsx(74,25): error TS2304: Cannot find name 'adminUserApi'.
src/pages/admin/AdminReportsPage.tsx(41,48): error TS2339: Property 'report_id' does not exist on type 'Report'.
src/pages/admin/AdminReportsPage.tsx(83,34): error TS2339: Property 'report_id' does not exist on type 'Report'.
src/pages/admin/AdminReportsPage.tsx(85,69): error TS2339: Property 'video_title' does not exist on type 'Report'.
src/pages/admin/AdminReportsPage.tsx(85,96): error TS2339: Property 'video_id' does not exist on type 'Report'.
src/pages/admin/AdminReportsPage.tsx(88,52): error TS2339: Property 'reporter' does not exist on type 'Report'.
src/pages/admin/AdminReportsPage.tsx(88,81): error TS2339: Property 'reported_by' does not exist on type 'Report'.
src/pages/admin/AdminReportsPage.tsx(92,26): error TS2339: Property 'reason' does not exist on type 'Report'.
src/pages/admin/AdminReportsPage.tsx(96,36): error TS2339: Property 'status' does not exist on type 'Report'.
src/pages/admin/AdminReportsPage.tsx(96,80): error TS2339: Property 'status' does not exist on type 'Report'.
src/pages/admin/AdminReportsPage.tsx(100,35): error TS2339: Property 'created_at' does not exist on type 'Report'.
src/pages/admin/AdminRevenuePage.tsx(107,32): error TS2322: Type '{ children: string; fontWeight: number; }' is not assignable to type 'IntrinsicAttributes & TableCellProps'.
  Property 'fontWeight' does not exist on type 'IntrinsicAttributes & TableCellProps'.
src/pages/admin/AdminUsersPage.tsx(9,10): error TS2305: Module '"@/api/services"' has no exported member 'adminUserApi'.
src/pages/shared/MyVideosPage.tsx(18,10): error TS2305: Module '"@/api/services"' has no exported member 'videoApi'.
src/pages/shared/MyVideosPage.tsx(18,20): error TS2305: Module '"@/api/services"' has no exported member 'adminVideoApi'.
src/pages/shared/MyVideosPage.tsx(18,35): error TS2305: Module '"@/api/services"' has no exported member 'categoryApi'.
src/pages/shared/MyVideosPage.tsx(18,48): error TS2305: Module '"@/api/services"' has no exported member 'tagApi'.
src/pages/shared/MyVideosPage.tsx(77,29): error TS7006: Parameter 'r' implicitly has an 'any' type.
src/pages/shared/MyVideosPage.tsx(78,24): error TS7006: Parameter 'r' implicitly has an 'any' type.
